<?xml version="1.0" encoding="UTF-8"?>
<!-- Generated by org.testng.reporters.JUnitXMLReporter -->
<testsuite ignored="0" hostname="DESKTOP-QO331HE" failures="0" tests="4" name="Default test" time="12.303" errors="0" timestamp="2021-06-13T21:03:42 IST">
  <testcase classname="Automate_Hotwire.Automate_Hotwire.Demo" name="launchWebSite" time="11.092"/>
  <testcase classname="Automate_Hotwire.Automate_Hotwire.Demo" name="test1" time="0.002"/>
  <testcase classname="Automate_Hotwire.Automate_Hotwire.Demo" name="test2" time="0.001"/>
  <testcase classname="Automate_Hotwire.Automate_Hotwire.Demo" name="test3" time="0.125"/>
</testsuite> <!-- Default test -->
