<?xml version="1.0" encoding="UTF-8"?>
<testng-results ignored="0" total="4" passed="4" failed="0" skipped="0">
  <reporter-output>
  </reporter-output>
  <suite started-at="2021-06-13T21:03:30 IST" name="Default suite" finished-at="2021-06-13T21:03:42 IST" duration-ms="12303">
    <groups>
    </groups>
    <test started-at="2021-06-13T21:03:30 IST" name="Default test" finished-at="2021-06-13T21:03:42 IST" duration-ms="12303">
      <class name="Automate_Hotwire.Automate_Hotwire.Demo">
        <test-method is-config="true" signature="launchBrowser()[pri:0, instance:Automate_Hotwire.Automate_Hotwire.Demo@6e4784bc]" started-at="2021-06-13T21:03:30 IST" name="launchBrowser" finished-at="2021-06-13T21:03:31 IST" duration-ms="1036" status="PASS">
          <reporter-output>
          </reporter-output>
        </test-method> <!-- launchBrowser -->
        <test-method is-config="true" signature="beforeClass()[pri:0, instance:Automate_Hotwire.Automate_Hotwire.Demo@6e4784bc]" started-at="2021-06-13T21:03:31 IST" name="beforeClass" finished-at="2021-06-13T21:03:31 IST" duration-ms="1" status="PASS">
          <reporter-output>
          </reporter-output>
        </test-method> <!-- beforeClass -->
        <test-method is-config="true" signature="beforeMethod()[pri:0, instance:Automate_Hotwire.Automate_Hotwire.Demo@6e4784bc]" started-at="2021-06-13T21:03:31 IST" name="beforeMethod" finished-at="2021-06-13T21:03:31 IST" duration-ms="0" status="PASS">
          <reporter-output>
          </reporter-output>
        </test-method> <!-- beforeMethod -->
        <test-method signature="launchWebSite()[pri:1, instance:Automate_Hotwire.Automate_Hotwire.Demo@6e4784bc]" started-at="2021-06-13T21:03:31 IST" name="launchWebSite" finished-at="2021-06-13T21:03:42 IST" duration-ms="11092" status="PASS">
          <reporter-output>
          </reporter-output>
        </test-method> <!-- launchWebSite -->
        <test-method is-config="true" signature="afterMethod()[pri:0, instance:Automate_Hotwire.Automate_Hotwire.Demo@6e4784bc]" started-at="2021-06-13T21:03:42 IST" name="afterMethod" finished-at="2021-06-13T21:03:42 IST" duration-ms="1" status="PASS">
          <reporter-output>
          </reporter-output>
        </test-method> <!-- afterMethod -->
        <test-method signature="test1()[pri:2, instance:Automate_Hotwire.Automate_Hotwire.Demo@6e4784bc]" started-at="2021-06-13T21:03:42 IST" name="test1" finished-at="2021-06-13T21:03:42 IST" duration-ms="2" status="PASS">
          <reporter-output>
          </reporter-output>
        </test-method> <!-- test1 -->
        <test-method is-config="true" signature="beforeMethod()[pri:0, instance:Automate_Hotwire.Automate_Hotwire.Demo@6e4784bc]" started-at="2021-06-13T21:03:42 IST" name="beforeMethod" finished-at="2021-06-13T21:03:42 IST" duration-ms="0" status="PASS">
          <reporter-output>
          </reporter-output>
        </test-method> <!-- beforeMethod -->
        <test-method is-config="true" signature="afterMethod()[pri:0, instance:Automate_Hotwire.Automate_Hotwire.Demo@6e4784bc]" started-at="2021-06-13T21:03:42 IST" name="afterMethod" finished-at="2021-06-13T21:03:42 IST" duration-ms="0" status="PASS">
          <reporter-output>
          </reporter-output>
        </test-method> <!-- afterMethod -->
        <test-method is-config="true" signature="beforeMethod()[pri:0, instance:Automate_Hotwire.Automate_Hotwire.Demo@6e4784bc]" started-at="2021-06-13T21:03:42 IST" name="beforeMethod" finished-at="2021-06-13T21:03:42 IST" duration-ms="0" status="PASS">
          <reporter-output>
          </reporter-output>
        </test-method> <!-- beforeMethod -->
        <test-method signature="test2()[pri:3, instance:Automate_Hotwire.Automate_Hotwire.Demo@6e4784bc]" started-at="2021-06-13T21:03:42 IST" name="test2" finished-at="2021-06-13T21:03:42 IST" duration-ms="1" status="PASS">
          <reporter-output>
          </reporter-output>
        </test-method> <!-- test2 -->
        <test-method is-config="true" signature="afterMethod()[pri:0, instance:Automate_Hotwire.Automate_Hotwire.Demo@6e4784bc]" started-at="2021-06-13T21:03:42 IST" name="afterMethod" finished-at="2021-06-13T21:03:42 IST" duration-ms="0" status="PASS">
          <reporter-output>
          </reporter-output>
        </test-method> <!-- afterMethod -->
        <test-method is-config="true" signature="beforeMethod()[pri:0, instance:Automate_Hotwire.Automate_Hotwire.Demo@6e4784bc]" started-at="2021-06-13T21:03:42 IST" name="beforeMethod" finished-at="2021-06-13T21:03:42 IST" duration-ms="0" status="PASS">
          <reporter-output>
          </reporter-output>
        </test-method> <!-- beforeMethod -->
        <test-method signature="test3()[pri:4, instance:Automate_Hotwire.Automate_Hotwire.Demo@6e4784bc]" started-at="2021-06-13T21:03:42 IST" name="test3" finished-at="2021-06-13T21:03:42 IST" duration-ms="125" status="PASS">
          <reporter-output>
          </reporter-output>
        </test-method> <!-- test3 -->
        <test-method is-config="true" signature="afterMethod()[pri:0, instance:Automate_Hotwire.Automate_Hotwire.Demo@6e4784bc]" started-at="2021-06-13T21:03:42 IST" name="afterMethod" finished-at="2021-06-13T21:03:42 IST" duration-ms="0" status="PASS">
          <reporter-output>
          </reporter-output>
        </test-method> <!-- afterMethod -->
        <test-method is-config="true" signature="AfterClass()[pri:0, instance:Automate_Hotwire.Automate_Hotwire.Demo@6e4784bc]" started-at="2021-06-13T21:03:42 IST" name="AfterClass" finished-at="2021-06-13T21:03:42 IST" duration-ms="0" status="PASS">
          <reporter-output>
          </reporter-output>
        </test-method> <!-- AfterClass -->
      </class> <!-- Automate_Hotwire.Automate_Hotwire.Demo -->
    </test> <!-- Default test -->
  </suite> <!-- Default suite -->
</testng-results>
