<?xml version="1.0" encoding="UTF-8"?>
<testng-results skipped="0" failed="0" ignored="0" total="8" passed="8">
  <reporter-output>
  </reporter-output>
  <suite name="Suite" duration-ms="61410" started-at="2020-02-17T13:57:59Z" finished-at="2020-02-17T13:59:00Z">
    <groups>
    </groups>
    <test name="Test" duration-ms="61410" started-at="2020-02-17T13:57:59Z" finished-at="2020-02-17T13:59:00Z">
      <class name="Automate_Hotwire.Automate_Hotwire.AppTest">
        <test-method status="PASS" signature="launchBrowser()[pri:0, instance:Automate_Hotwire.Automate_Hotwire.AppTest@475530b9]" name="launchBrowser" is-config="true" duration-ms="20154" started-at="2020-02-17T13:57:59Z" finished-at="2020-02-17T13:58:19Z">
          <reporter-output>
          </reporter-output>
        </test-method> <!-- launchBrowser -->
        <test-method status="PASS" signature="launchWebSite()[pri:1, instance:Automate_Hotwire.Automate_Hotwire.AppTest@475530b9]" name="launchWebSite" duration-ms="21171" started-at="2020-02-17T13:58:19Z" finished-at="2020-02-17T13:58:40Z">
          <reporter-output>
          </reporter-output>
        </test-method> <!-- launchWebSite -->
        <test-method status="PASS" signature="clickVacations()[pri:2, instance:Automate_Hotwire.Automate_Hotwire.AppTest@475530b9]" name="clickVacations" duration-ms="8127" started-at="2020-02-17T13:58:40Z" finished-at="2020-02-17T13:58:49Z">
          <reporter-output>
          </reporter-output>
        </test-method> <!-- clickVacations -->
        <test-method status="PASS" signature="selectOptions()[pri:3, instance:Automate_Hotwire.Automate_Hotwire.AppTest@475530b9]" name="selectOptions" duration-ms="271" started-at="2020-02-17T13:58:49Z" finished-at="2020-02-17T13:58:49Z">
          <reporter-output>
          </reporter-output>
        </test-method> <!-- selectOptions -->
        <test-method status="PASS" signature="selectFrom()[pri:4, instance:Automate_Hotwire.Automate_Hotwire.AppTest@475530b9]" name="selectFrom" duration-ms="1999" started-at="2020-02-17T13:58:49Z" finished-at="2020-02-17T13:58:51Z">
          <reporter-output>
          </reporter-output>
        </test-method> <!-- selectFrom -->
        <test-method status="PASS" signature="selectTo()[pri:5, instance:Automate_Hotwire.Automate_Hotwire.AppTest@475530b9]" name="selectTo" duration-ms="1479" started-at="2020-02-17T13:58:51Z" finished-at="2020-02-17T13:58:52Z">
          <reporter-output>
          </reporter-output>
        </test-method> <!-- selectTo -->
        <test-method status="PASS" signature="selectDate()[pri:6, instance:Automate_Hotwire.Automate_Hotwire.AppTest@475530b9]" name="selectDate" duration-ms="1009" started-at="2020-02-17T13:58:52Z" finished-at="2020-02-17T13:58:53Z">
          <reporter-output>
          </reporter-output>
        </test-method> <!-- selectDate -->
        <test-method status="PASS" signature="selectZone()[pri:7, instance:Automate_Hotwire.Automate_Hotwire.AppTest@475530b9]" name="selectZone" duration-ms="1082" started-at="2020-02-17T13:58:53Z" finished-at="2020-02-17T13:58:54Z">
          <reporter-output>
          </reporter-output>
        </test-method> <!-- selectZone -->
        <test-method status="PASS" signature="findingDeal()[pri:8, instance:Automate_Hotwire.Automate_Hotwire.AppTest@475530b9]" name="findingDeal" duration-ms="5954" started-at="2020-02-17T13:58:54Z" finished-at="2020-02-17T13:59:00Z">
          <reporter-output>
          </reporter-output>
        </test-method> <!-- findingDeal -->
      </class> <!-- Automate_Hotwire.Automate_Hotwire.AppTest -->
    </test> <!-- Test -->
  </suite> <!-- Suite -->
</testng-results>
